<?xml version="1.0" encoding="utf-8"?><testsuites name="pytest tests"><testsuite name="pytest" errors="0" failures="0" skipped="0" tests="31" time="7.342" timestamp="2026-09-06T20:02:46.260523+00:00" hostname="agent-env-a4335634-f697-4743-af08-01444f75eebb"><testcase classname="tests.test_hospital_status.TestAuth" name="test_login_success_sets_cookie" time="0.557" /><testcase classname="tests.test_hospital_status.TestAuthorization" name="test_admit_no_auth_returns_401" time="0.264" /><testcase classname="tests.test_hospital_status.TestAuthorization" name="test_discharge_no_auth_returns_401" time="0.252" /><testcase classname="tests.test_hospital_status.TestAuthorization" name="test_doctor_patch_no_auth_returns_401" time="0.356" /><testcase classname="tests.test_hospital_status.TestAuth" name="test_login_wrong_password" time="0.315" /><testcase classname="tests.test_hospital_status.TestAuth" name="test_login_unknown_email" time="0.312" /><testcase classname="tests.test_hospital_status.TestAuthorization" name="test_admit_cross_hospital_returns_403" time="0.383" /><testcase classname="tests.test_hospital_status.TestAuth" name="test_me_without_cookie" time="0.080" /><testcase classname="tests.test_hospital_status.TestAuthorization" name="test_discharge_cross_hospital_returns_403" time="0.589" /><testcase classname="tests.test_hospital_status.TestAuth" name="test_me_with_cookie" time="0.515" /><testcase classname="tests.test_hospital_status.TestAuth" name="test_logout_clears_cookie" time="0.632" /><testcase classname="tests.test_hospital_status.TestAuthorization" name="test_doctor_patch_cross_hospital_returns_403" time="0.569" /><testcase classname="tests.test_hospital_status.TestAuth" name="test_all_12_seeded_accounts_login[gursharan]" time="0.527" /><testcase classname="tests.test_hospital_status.TestAuthorization" name="test_admit_own_hospital_succeeds" time="0.528" /><testcase classname="tests.test_hospital_status.TestAuth" name="test_all_12_seeded_accounts_login[manipal-patiala]" time="0.291" /><testcase classname="tests.test_hospital_status.TestAuthorization" name="test_discharge_own_and_persist" time="1.158" /><testcase classname="tests.test_hospital_status.TestAuth" name="test_all_12_seeded_accounts_login[park-patiala]" time="0.498" /><testcase classname="tests.test_hospital_status.TestAuth" name="test_all_12_seeded_accounts_login[simran-ent]" time="0.333" /><testcase classname="tests.test_hospital_status.TestAuth" name="test_all_12_seeded_accounts_login[guru-eye]" time="0.294" /><testcase classname="tests.test_hospital_status.TestAuthorization" name="test_doctor_patch_own_hospital_succeeds" time="0.739" /><testcase classname="tests.test_hospital_status.TestAuth" name="test_all_12_seeded_accounts_login[sanjivni]" time="0.482" /><testcase classname="tests.test_hospital_status.TestAuth" name="test_all_12_seeded_accounts_login[gian-sagar]" time="0.310" /><testcase classname="tests.test_hospital_status.TestAuthorization" name="test_doctor_patch_invalid_status_422" time="0.785" /><testcase classname="tests.test_hospital_status.TestAuth" name="test_all_12_seeded_accounts_login[rama-atray]" time="0.474" /><testcase classname="tests.test_hospital_status.TestAuth" name="test_all_12_seeded_accounts_login[bhatia]" time="0.305" /><testcase classname="tests.test_hospital_status.TestGetStatus" name="test_generic_hospital_autoseeds" time="0.070" /><testcase classname="tests.test_hospital_status.TestGetStatus" name="test_park_confirmed_flags" time="0.236" /><testcase classname="tests.test_hospital_status.TestAuth" name="test_all_12_seeded_accounts_login[rajindra]" time="0.303" /><testcase classname="tests.test_hospital_status.TestGetStatus" name="test_rajindra_confirmed_flags" time="0.303" /><testcase classname="tests.test_hospital_status.TestAuth" name="test_all_12_seeded_accounts_login[aas-medicare]" time="0.295" /><testcase classname="tests.test_hospital_status.TestAuth" name="test_all_12_seeded_accounts_login[patiala-heart-institute]" time="0.334" /></testsuite></testsuites>