<?xml version="1.0" encoding="utf-8"?><testsuites name="pytest tests"><testsuite name="pytest" errors="0" failures="0" skipped="0" tests="11" time="2.576" timestamp="2026-09-06T19:44:12.649890+00:00" hostname="agent-env-a4335634-f697-4743-af08-01444f75eebb"><testcase classname="tests.test_hospital_status.TestGetStatus" name="test_generic_hospital_autoseeds_with_template" time="0.248" /><testcase classname="tests.test_hospital_status.TestAdmitDischarge" name="test_discharge_decreases_and_persists" time="0.502" /><testcase classname="tests.test_hospital_status.TestGetStatus" name="test_park_patiala_has_override_totals" time="0.079" /><testcase classname="tests.test_hospital_status.TestGetStatus" name="test_rajindra_has_override_totals" time="0.099" /><testcase classname="tests.test_hospital_status.TestGetStatus" name="test_bulk_status_returns_map" time="0.081" /><testcase classname="tests.test_hospital_status.TestAdmitDischarge" name="test_admit_increases_capped_at_total" time="0.202" /><testcase classname="tests.test_hospital_status.TestDoctorStatus" name="test_set_doctor_available_persists" time="0.353" /><testcase classname="tests.test_hospital_status.TestAdmitDischarge" name="test_discharge_floored_at_zero" time="1.222" /><testcase classname="tests.test_hospital_status.TestDoctorStatus" name="test_invalid_status_returns_422" time="0.091" /><testcase classname="tests.test_hospital_status" name="test_end_to_end_park_icu_flow" time="0.282" /><testcase classname="tests.test_hospital_status.TestAdmitDischarge" name="test_unknown_ward_returns_404" time="0.178" /></testsuite></testsuites>