<?xml version="1.0" encoding="utf-8"?><testsuites name="pytest tests"><testsuite name="pytest" errors="0" failures="0" skipped="0" tests="4" time="5.746" timestamp="2026-09-06T19:30:14.160020+00:00" hostname="agent-env-a4335634-f697-4743-af08-01444f75eebb"><testcase classname="tests.test_voice" name="test_voice_speak_returns_mp3" time="1.977" /><testcase classname="tests.test_voice" name="test_voice_speak_empty_text_returns_422" time="0.107" /><testcase classname="tests.test_voice" name="test_voice_listen_roundtrip" time="3.077" /><testcase classname="tests.test_voice" name="test_voice_listen_empty_file_returns_400" time="0.124" /></testsuite></testsuites>